<?xml version="1.0" encoding="UTF-8" ?>
<testsuite tests="12" failures="0" name="com.test.account.CustomerAccountTest" time="0.197" errors="0" skipped="0">
  <properties>
[...]
</properties>
  <testcase classname="com.test.account.CustomerAccountTest" name="testAccountWithoutMoneyHasZeroBalance" time="0.004"/>
  <testcase classname="com.test.account.CustomerAccountTest" name="testPrintAccountStatement" time="0.033"/>
  <testcase classname="com.test.account.CustomerAccountTest" name="testWithdrawAndReportBalanceLegalBalance" time="0.006"/>
  <testcase classname="com.test.account.CustomerAccountTest" name="[0] AccountImpl, 1251.0, AccountRuleImpl, -1.0 (testWithdrawAndReportBalanceIllegalBalance)" time="0.14"/>
  <testcase classname="com.test.account.CustomerAccountTest" name="[1] AccountImpl, 2600.0, AccountRuleImpl, -1350.0 (testWithdrawAndReportBalanceIllegalBalance)" time="0.001"/>
  <testcase classname="com.test.account.CustomerAccountTest" name="[2] AccountImpl, 12356.0, AccountRuleImpl, -11106.0 (testWithdrawAndReportBalanceIllegalBalance)" time="0"/>
  <testcase classname="com.test.account.CustomerAccountTest" name="[3] AccountImpl, 4572.0, AccountRuleImpl, -3322.0 (testWithdrawAndReportBalanceIllegalBalance)" time="0.001"/>
  <testcase classname="com.test.account.CustomerAccountTest" name="testWithdrawNegativeAmount" time="0.004"/>
  <testcase classname="com.test.account.CustomerAccountTest" name="testWithdrawPermitionIsTrue" time="0.002"/>
  <testcase classname="com.test.account.CustomerAccountTest" name="testWithdrawPermitionIsFalse" time="0.002"/>
  <testcase classname="com.test.account.CustomerAccountTest" name="testAddNegativeAmount" time="0.004"/>
  <testcase classname="com.test.account.CustomerAccountTest" name="testAddPositiveAmount" time="0"/>
</testsuite>